-------------------------------------------------------------------------------
Test set: com.Maven.Libreria.LibreriaApplicationTests
-------------------------------------------------------------------------------
Tests run: 1, Failures: 0, Errors: 1, Skipped: 0, Time elapsed: 6.028 s <<< FAILURE! - in com.Maven.Libreria.LibreriaApplicationTests
contextLoads  Time elapsed: 0.001 s  <<< ERROR!
java.lang.IllegalStateException: Failed to load ApplicationContext
Caused by: org.springframework.beans.factory.UnsatisfiedDependencyException: Error creating bean with name 'prestamoController': Unsatisfied dependency expressed through field 'service'; nested exception is org.springframework.beans.factory.UnsatisfiedDependencyException: Error creating bean with name 'prestamoServicio': Unsatisfied dependency expressed through field 'pr'; nested exception is org.springframework.beans.factory.BeanCreationException: Error creating bean with name 'prestamoRepositorio' defined in com.Maven.Libreria.Repositorios.PrestamoRepositorio defined in @EnableJpaRepositories declared on JpaRepositoriesRegistrar.EnableJpaRepositoriesConfiguration: Invocation of init method failed; nested exception is org.springframework.data.repository.query.QueryCreationException: Could not create query for public abstract java.util.List com.Maven.Libreria.Repositorios.PrestamoRepositorio.devolucion(java.lang.Integer)! Reason: Validation failed for query for method public abstract java.util.List com.Maven.Libreria.Repositorios.PrestamoRepositorio.devolucion(java.lang.Integer)!; nested exception is java.lang.IllegalArgumentException: Validation failed for query for method public abstract java.util.List com.Maven.Libreria.Repositorios.PrestamoRepositorio.devolucion(java.lang.Integer)!
Caused by: org.springframework.beans.factory.UnsatisfiedDependencyException: Error creating bean with name 'prestamoServicio': Unsatisfied dependency expressed through field 'pr'; nested exception is org.springframework.beans.factory.BeanCreationException: Error creating bean with name 'prestamoRepositorio' defined in com.Maven.Libreria.Repositorios.PrestamoRepositorio defined in @EnableJpaRepositories declared on JpaRepositoriesRegistrar.EnableJpaRepositoriesConfiguration: Invocation of init method failed; nested exception is org.springframework.data.repository.query.QueryCreationException: Could not create query for public abstract java.util.List com.Maven.Libreria.Repositorios.PrestamoRepositorio.devolucion(java.lang.Integer)! Reason: Validation failed for query for method public abstract java.util.List com.Maven.Libreria.Repositorios.PrestamoRepositorio.devolucion(java.lang.Integer)!; nested exception is java.lang.IllegalArgumentException: Validation failed for query for method public abstract java.util.List com.Maven.Libreria.Repositorios.PrestamoRepositorio.devolucion(java.lang.Integer)!
Caused by: org.springframework.beans.factory.BeanCreationException: Error creating bean with name 'prestamoRepositorio' defined in com.Maven.Libreria.Repositorios.PrestamoRepositorio defined in @EnableJpaRepositories declared on JpaRepositoriesRegistrar.EnableJpaRepositoriesConfiguration: Invocation of init method failed; nested exception is org.springframework.data.repository.query.QueryCreationException: Could not create query for public abstract java.util.List com.Maven.Libreria.Repositorios.PrestamoRepositorio.devolucion(java.lang.Integer)! Reason: Validation failed for query for method public abstract java.util.List com.Maven.Libreria.Repositorios.PrestamoRepositorio.devolucion(java.lang.Integer)!; nested exception is java.lang.IllegalArgumentException: Validation failed for query for method public abstract java.util.List com.Maven.Libreria.Repositorios.PrestamoRepositorio.devolucion(java.lang.Integer)!
Caused by: org.springframework.data.repository.query.QueryCreationException: Could not create query for public abstract java.util.List com.Maven.Libreria.Repositorios.PrestamoRepositorio.devolucion(java.lang.Integer)! Reason: Validation failed for query for method public abstract java.util.List com.Maven.Libreria.Repositorios.PrestamoRepositorio.devolucion(java.lang.Integer)!; nested exception is java.lang.IllegalArgumentException: Validation failed for query for method public abstract java.util.List com.Maven.Libreria.Repositorios.PrestamoRepositorio.devolucion(java.lang.Integer)!
Caused by: java.lang.IllegalArgumentException: Validation failed for query for method public abstract java.util.List com.Maven.Libreria.Repositorios.PrestamoRepositorio.devolucion(java.lang.Integer)!
Caused by: java.lang.IllegalArgumentException: org.hibernate.hql.internal.ast.QuerySyntaxException: prestamo is not mapped [update prestamo p set p.fechadevolucion=null where p.id=:id]
Caused by: org.hibernate.hql.internal.ast.QuerySyntaxException: prestamo is not mapped [update prestamo p set p.fechadevolucion=null where p.id=:id]
Caused by: org.hibernate.hql.internal.ast.QuerySyntaxException: prestamo is not mapped

